<?xml version="1.0" encoding="UTF-8"?>
<testng-results ignored="0" total="1" passed="1" failed="0" skipped="0">
  <reporter-output>
  </reporter-output>
  <suite started-at="2025-12-02T10:00:20 IST" name="Default suite" finished-at="2025-12-02T10:00:31 IST" duration-ms="11231">
    <groups>
    </groups>
    <test started-at="2025-12-02T10:00:20 IST" name="Default test" finished-at="2025-12-02T10:00:31 IST" duration-ms="11231">
      <class name="com.Tests.DashboardTests">
        <test-method is-config="true" signature="setup()[pri:0, instance:com.Tests.DashboardTests@2eaef76d]" started-at="2025-12-02T10:00:20 IST" name="setup" finished-at="2025-12-02T10:00:26 IST" duration-ms="6814" status="PASS">
          <reporter-output>
          </reporter-output>
        </test-method> <!-- setup -->
        <test-method signature="DasboardTest()[pri:0, instance:com.Tests.DashboardTests@2eaef76d]" started-at="2025-12-02T10:00:27 IST" name="DasboardTest" description="Verify Dashboard Page" finished-at="2025-12-02T10:00:31 IST" duration-ms="3911" status="PASS">
          <reporter-output>
          </reporter-output>
        </test-method> <!-- DasboardTest -->
        <test-method is-config="true" signature="close()[pri:0, instance:com.Tests.DashboardTests@2eaef76d]" started-at="2025-12-02T10:00:31 IST" name="close" finished-at="2025-12-02T10:00:31 IST" duration-ms="182" status="PASS">
          <reporter-output>
          </reporter-output>
        </test-method> <!-- close -->
      </class> <!-- com.Tests.DashboardTests -->
    </test> <!-- Default test -->
  </suite> <!-- Default suite -->
</testng-results>
