<?xml version="1.0" encoding="UTF-8"?>
<testng-results ignored="0" total="3" passed="3" failed="0" skipped="0">
  <reporter-output>
  </reporter-output>
  <suite started-at="2025-11-12T13:08:45 IST" name="Allure Reports" finished-at="2025-11-12T13:09:07 IST" duration-ms="22275">
    <groups>
    </groups>
    <test started-at="2025-11-12T13:08:45 IST" name="Login Page Tests" finished-at="2025-11-12T13:08:59 IST" duration-ms="14462">
      <class name="com.Tests.LoginTests">
        <test-method is-config="true" signature="setup()[pri:0, instance:com.Tests.LoginTests@6fd77352]" started-at="2025-11-12T13:08:45 IST" name="setup" finished-at="2025-11-12T13:08:52 IST" duration-ms="6535" status="PASS">
          <reporter-output>
          </reporter-output>
        </test-method> <!-- setup -->
        <test-method signature="verifyLoginPage()[pri:0, instance:com.Tests.LoginTests@6fd77352]" started-at="2025-11-12T13:08:52 IST" name="verifyLoginPage" description="Verify Login Page" finished-at="2025-11-12T13:08:52 IST" duration-ms="276" status="PASS">
          <reporter-output>
          </reporter-output>
        </test-method> <!-- verifyLoginPage -->
        <test-method is-config="true" signature="close()[pri:0, instance:com.Tests.LoginTests@6fd77352]" started-at="2025-11-12T13:08:52 IST" name="close" finished-at="2025-11-12T13:08:52 IST" duration-ms="149" status="PASS">
          <reporter-output>
          </reporter-output>
        </test-method> <!-- close -->
        <test-method is-config="true" signature="setup()[pri:0, instance:com.Tests.LoginTests@6fd77352]" started-at="2025-11-12T13:08:52 IST" name="setup" finished-at="2025-11-12T13:08:58 IST" duration-ms="5268" status="PASS">
          <reporter-output>
          </reporter-output>
        </test-method> <!-- setup -->
        <test-method signature="invalidCredentialTest()[pri:1, instance:com.Tests.LoginTests@6fd77352]" started-at="2025-11-12T13:08:58 IST" name="invalidCredentialTest" description="Login with invalid username and password" finished-at="2025-11-12T13:08:59 IST" duration-ms="1776" status="PASS">
          <reporter-output>
          </reporter-output>
        </test-method> <!-- invalidCredentialTest -->
        <test-method is-config="true" signature="close()[pri:0, instance:com.Tests.LoginTests@6fd77352]" started-at="2025-11-12T13:08:59 IST" name="close" finished-at="2025-11-12T13:08:59 IST" duration-ms="160" status="PASS">
          <reporter-output>
          </reporter-output>
        </test-method> <!-- close -->
      </class> <!-- com.Tests.LoginTests -->
    </test> <!-- Login Page Tests -->
    <test started-at="2025-11-12T13:08:59 IST" name=" Dashboard Tests" finished-at="2025-11-12T13:09:07 IST" duration-ms="7782">
      <class name="com.Tests.DashboardTests">
        <test-method is-config="true" signature="setup()[pri:0, instance:com.Tests.DashboardTests@1ffcf674]" started-at="2025-11-12T13:08:59 IST" name="setup" finished-at="2025-11-12T13:09:04 IST" duration-ms="4682" status="PASS">
          <reporter-output>
          </reporter-output>
        </test-method> <!-- setup -->
        <test-method signature="DasboardTest()[pri:0, instance:com.Tests.DashboardTests@1ffcf674]" started-at="2025-11-12T13:09:04 IST" name="DasboardTest" description="Verify Dashboard Page" finished-at="2025-11-12T13:09:07 IST" duration-ms="2943" status="PASS">
          <reporter-output>
          </reporter-output>
        </test-method> <!-- DasboardTest -->
        <test-method is-config="true" signature="close()[pri:0, instance:com.Tests.DashboardTests@1ffcf674]" started-at="2025-11-12T13:09:07 IST" name="close" finished-at="2025-11-12T13:09:07 IST" duration-ms="147" status="PASS">
          <reporter-output>
          </reporter-output>
        </test-method> <!-- close -->
      </class> <!-- com.Tests.DashboardTests -->
    </test> <!--  Dashboard Tests -->
  </suite> <!-- Allure Reports -->
</testng-results>
